+--------------------------------------------------------------------------+
| Job starting at Wed Nov 29 09:47:45 2017 for dxm237(356284) on the BlueBEAR Cluster
| Job identity jobid 847347 jobname facebook_script.sh
| Job is running against project hesz01 and in partition broadwell-medium-shared
| Job requests cpu=1,mem=8G,node=1 - 01:00:00 walltime
| Job assigned to nodes bber0501u25a
+--------------------------------------------------------------------------+
GCCcore/5.4.0
binutils/2.26-GCCcore-5.4.0
GCC/5.4.0-2.26
numactl/2.0.11-GCC-5.4.0-2.26
hwloc/1.11.5-GCC-5.4.0-2.26
OpenMPI/1.10.2-GCC-5.4.0-2.26
gompi/2016.10
OpenBLAS/0.2.18-gompi-2016.10-LAPACK-3.6.1
FFTW/3.3.4-gompi-2016.10
ScaLAPACK/2.0.2-gompi-2016.10-OpenBLAS-0.2.18-LAPACK-3.6.1
foss/2016.10
bzip2/1.0.6-foss-2016.10
zlib/1.2.8-foss-2016.10
ncurses/6.0-foss-2016.10
libreadline/6.3-foss-2016.10
Tcl/8.6.4-foss-2016.10
SQLite/3.9.2-foss-2016.10
GMP/6.1.1-foss-2016.10
Tk/8.6.4-foss-2016.10
OpenSSL/1.0.2h-foss-2016.10
Python/2.7.11-foss-2016.10-minimal
numpy/1.13.0-foss-2016.10-Python-2.7.11
libpng/1.6.23-foss-2016.10
freetype/2.7-foss-2016.10
matplotlib/2.0.0-foss-2016.10-Python-2.7.11
libffi/3.2.1-foss-2016.10
libxml2/2.9.4-foss-2016.10
gettext/0.19.8-foss-2016.10
PCRE/8.38-foss-2016.10
GLib/2.47.5-foss-2016.10
GObject-Introspection/1.47.1-foss-2016.10-Python-2.7.11
pixman/0.34.0-foss-2016.10
expat/2.2.0-foss-2016.10
fontconfig/2.11.1-foss-2016.10
X11/20160819-foss-2016.10
cairo/1.14.6-foss-2016.10
PyCairo/1.10.0-foss-2016.10-Python-2.7.11
PyGObject/2.28.6-foss-2016.10-Python-2.7.11
ATK/2.18.0-foss-2016.10
NASM/2.12.02-foss-2016.10
libjpeg-turbo/1.5.0-foss-2016.10
LibTIFF/4.0.6-foss-2016.10
Gdk-Pixbuf/2.32.3-foss-2016.10
HarfBuzz/1.1.3-foss-2016.10
Pango/1.39.0-foss-2016.10
GTK+/2.24.28-foss-2016.10
libglade/2.6.4-foss-2016.10
PyGTK/2.24.0-foss-2016.10-Python-2.7.11
ASE/3.7.1.3184-foss-2016.10-Python-2.7.11
Boost/1.58.0-foss-2016.10-Python-2.7.11
Cython/0.24.1-foss-2016.10-Python-2.7.11
Szip/2.1-foss-2016.10
HDF5/1.8.18-foss-2016.10
pkg-config/0.29.1-foss-2016.10
pkgconfig/1.1.0-foss-2016.10-Python-2.7.11
h5py/2.7.0-foss-2016.10-Python-2.7.11-HDF5-1.8.18
MPFR/3.1.4-foss-2016.10
nettle/3.2-foss-2016.10
libdrm/2.4.70-foss-2016.10
LLVM/3.8.1-foss-2016.10
Mesa/12.0.2-foss-2016.10
libGLU/9.0.0-foss-2016.10
Qt/4.8.7-foss-2016.10
CGAL/4.8.1-foss-2016.10-Python-2.7.11
sparsehash/2.0.2-foss-2016.10
scipy/0.19.0-foss-2016.10-Python-2.7.11
graph-tool/2.2.42-foss-2016.10-Python-2.7.11
cURL/7.46.0-foss-2016.10
Pysam/0.9.0-foss-2016.10-Python-2.7.11
HTSeq/0.9.1-foss-2016.10-Python-2.7.11
OpenPGM/5.2.122-foss-2016.10
util-linux/2.29-foss-2016.10
libsodium/1.0.11-foss-2016.10
ZeroMQ/4.2.0-foss-2016.10
PyZMQ/16.0.2-foss-2016.10-Python-2.7.11-zmq4
IPython/5.1.0-foss-2016.10-Python-2.7.11
libxslt/1.1.29-foss-2016.10
mysql-connector/2.1.3-foss-2016.10-Python-2.7.11
networkx/1.9-foss-2016.10-Python-2.7.11
NucleoATAC/master-foss-2016.10-Python-2.7.11
pandas/0.20.3-foss-2016.10-Python-2.7.11
PIL/1.1.7-foss-2016.10-Python-2.7.11
SIP/4.19-foss-2016.10-Python-2.7.11
PyQt/4.12-foss-2016.10-Python-2.7.11
healpy/1.10.3-foss-2016.10-Python-2.7.11
requests/2.13.0-foss-2016.10-Python-2.7.11
Python-Bundle-Science/2.7.11-foss-2016.10
libyaml/0.1.6-foss-2016.10
PyYAML/3.12-foss-2016.10-Python-2.7.11
RDKit/2015_03_1-foss-2016.10-Python-2.7.11
Qhull/2015.2-foss-2016.10
Pillow/3.2.0-foss-2016.10-Python-2.7.11-freetype-2.7
scikit-image/0.12.3-foss-2016.10-Python-2.7.11
scikit-learn/0.19.0-foss-2016.10-Python-2.7.11
apps/python2/2.7.11
slurmstepd: error: *** JOB 847347 ON bber0501u25a CANCELLED AT 2017-11-29T10:20:46 ***
+--------------------------------------------------------------------------+
| Job finished at Wed Nov 29 10:20:46 2017 for dxm237(356284) on the BlueBEAR Cluster
| Job required (31:51.672 cputime, 4862432K memory used) - 00:33:01 walltime
| Job exitcode 0:0
+--------------------------------------------------------------------------+
