+--------------------------------------------------------------------------+
| Job starting at Mon Nov 27 08:42:18 2017 for dxm237(356284) on the BlueBEAR Cluster
| Job identity jobid 842988 jobname 0_facebook_script.sh
| Job is running against project hesz01 and in partition broadwell-shared
| Job requests cpu=6,mem=96G,node=5 - 1-00:00:00 walltime
| Job assigned to nodes bber0501u30b,bber0501u39a,bber0501u39b,bber0501u40a,bber0501u40b
+--------------------------------------------------------------------------+
GCCcore/5.4.0
binutils/2.26-GCCcore-5.4.0
GCC/5.4.0-2.26
numactl/2.0.11-GCC-5.4.0-2.26
hwloc/1.11.5-GCC-5.4.0-2.26
OpenMPI/1.10.2-GCC-5.4.0-2.26
gompi/2016.10
OpenBLAS/0.2.18-gompi-2016.10-LAPACK-3.6.1
FFTW/3.3.4-gompi-2016.10
ScaLAPACK/2.0.2-gompi-2016.10-OpenBLAS-0.2.18-LAPACK-3.6.1
foss/2016.10
bzip2/1.0.6-foss-2016.10
zlib/1.2.8-foss-2016.10
ncurses/6.0-foss-2016.10
libreadline/6.3-foss-2016.10
Tcl/8.6.4-foss-2016.10
SQLite/3.9.2-foss-2016.10
GMP/6.1.1-foss-2016.10
Tk/8.6.4-foss-2016.10
OpenSSL/1.0.2h-foss-2016.10
Python/2.7.11-foss-2016.10-minimal
numpy/1.13.0-foss-2016.10-Python-2.7.11
libpng/1.6.23-foss-2016.10
freetype/2.7-foss-2016.10
matplotlib/2.0.0-foss-2016.10-Python-2.7.11
libffi/3.2.1-foss-2016.10
libxml2/2.9.4-foss-2016.10
gettext/0.19.8-foss-2016.10
PCRE/8.38-foss-2016.10
GLib/2.47.5-foss-2016.10
GObject-Introspection/1.47.1-foss-2016.10-Python-2.7.11
pixman/0.34.0-foss-2016.10
expat/2.2.0-foss-2016.10
fontconfig/2.11.1-foss-2016.10
X11/20160819-foss-2016.10
cairo/1.14.6-foss-2016.10
PyCairo/1.10.0-foss-2016.10-Python-2.7.11
PyGObject/2.28.6-foss-2016.10-Python-2.7.11
ATK/2.18.0-foss-2016.10
NASM/2.12.02-foss-2016.10
libjpeg-turbo/1.5.0-foss-2016.10
LibTIFF/4.0.6-foss-2016.10
Gdk-Pixbuf/2.32.3-foss-2016.10
HarfBuzz/1.1.3-foss-2016.10
Pango/1.39.0-foss-2016.10
GTK+/2.24.28-foss-2016.10
libglade/2.6.4-foss-2016.10
PyGTK/2.24.0-foss-2016.10-Python-2.7.11
ASE/3.7.1.3184-foss-2016.10-Python-2.7.11
Boost/1.58.0-foss-2016.10-Python-2.7.11
Cython/0.24.1-foss-2016.10-Python-2.7.11
Szip/2.1-foss-2016.10
HDF5/1.8.18-foss-2016.10
pkg-config/0.29.1-foss-2016.10
pkgconfig/1.1.0-foss-2016.10-Python-2.7.11
h5py/2.7.0-foss-2016.10-Python-2.7.11-HDF5-1.8.18
MPFR/3.1.4-foss-2016.10
nettle/3.2-foss-2016.10
libdrm/2.4.70-foss-2016.10
LLVM/3.8.1-foss-2016.10
Mesa/12.0.2-foss-2016.10
libGLU/9.0.0-foss-2016.10
Qt/4.8.7-foss-2016.10
CGAL/4.8.1-foss-2016.10-Python-2.7.11
sparsehash/2.0.2-foss-2016.10
scipy/0.19.0-foss-2016.10-Python-2.7.11
graph-tool/2.2.42-foss-2016.10-Python-2.7.11
cURL/7.46.0-foss-2016.10
Pysam/0.9.0-foss-2016.10-Python-2.7.11
HTSeq/0.9.1-foss-2016.10-Python-2.7.11
OpenPGM/5.2.122-foss-2016.10
util-linux/2.29-foss-2016.10
libsodium/1.0.11-foss-2016.10
ZeroMQ/4.2.0-foss-2016.10
PyZMQ/16.0.2-foss-2016.10-Python-2.7.11-zmq4
IPython/5.1.0-foss-2016.10-Python-2.7.11
libxslt/1.1.29-foss-2016.10
mysql-connector/2.1.3-foss-2016.10-Python-2.7.11
networkx/1.9-foss-2016.10-Python-2.7.11
NucleoATAC/master-foss-2016.10-Python-2.7.11
pandas/0.20.3-foss-2016.10-Python-2.7.11
PIL/1.1.7-foss-2016.10-Python-2.7.11
SIP/4.19-foss-2016.10-Python-2.7.11
PyQt/4.12-foss-2016.10-Python-2.7.11
healpy/1.10.3-foss-2016.10-Python-2.7.11
requests/2.13.0-foss-2016.10-Python-2.7.11
Python-Bundle-Science/2.7.11-foss-2016.10
libyaml/0.1.6-foss-2016.10
PyYAML/3.12-foss-2016.10-Python-2.7.11
RDKit/2015_03_1-foss-2016.10-Python-2.7.11
Qhull/2015.2-foss-2016.10
Pillow/3.2.0-foss-2016.10-Python-2.7.11-freetype-2.7
scikit-image/0.12.3-foss-2016.10-Python-2.7.11
scikit-learn/0.19.0-foss-2016.10-Python-2.7.11
apps/python2/2.7.11
Reading G from data/0_facebook_graph.gml with scaling exponent=2.51017 and T=0.3497
m=7.75925925926, T=0.3497, gamma=2.51017, beta=0.662177105889
Preprocessed G
Reading attributes from data/0_facebook_attributes.csv
Preprocessed X
K=224
C=24
Initialized thetas to:
[ 4.38271568  0.62056151  2.77313426  1.62897397  5.9922971   3.08341501
  3.93668709  0.23271057  6.22500767  3.29673303]
Initialized M to:
[[ 10.24663089   4.20889607  10.00686166]
 [ 10.25355859   3.11999693   9.97677972]
 [ 10.26613383   0.50398282  10.01383583]
 [ 10.24971183   0.39848354  10.0078583 ]
 [ 10.23858211   5.48003586  10.00220207]
 [ 10.25997269   5.86422496   9.98779457]
 [ 10.25335947   2.77238429  10.00911714]
 [ 10.24455746   5.15628931  10.00179681]
 [ 10.2667979    2.30506617  10.01302187]
 [ 10.23602178   5.41618389  10.02230867]
 [ 10.2619074    5.20176341  10.00195466]
 [ 10.2713716    5.37476151  10.01235368]
 [ 10.25067134   4.24518192  10.01099901]
 [ 10.26345343   5.59566022  10.00428706]
 [ 10.24105109   1.32809991  10.01213344]
 [ 10.25603785   2.67003097   9.98953006]
 [ 10.25179379   1.27639321   9.99065331]
 [ 10.26092082   0.04903322   9.98805067]
 [ 10.25024838   2.04898773   9.9997862 ]
 [ 10.25344929   3.74599333  10.0145022 ]
 [ 10.26493375   5.29475634   9.99553583]
 [ 10.24258727   0.5307526    9.9913536 ]
 [ 10.25880234   2.61312949   9.99723655]
 [ 10.27619388   6.11965139   9.98775665]]
F=
[[ 0.24276965  0.11354453  0.08734748 ...,  0.08642019  0.09920026
   0.09918907]
 [ 0.09350424  0.0951093   0.30071003 ...,  0.3250707   0.10570559
   0.15321989]
 [ 0.1464577   0.24305231  0.1217754  ...,  0.12180405  0.31296559
   0.10792843]
 ..., 
 [ 0.07677319  0.08941855  0.16303154 ...,  0.16583923  0.10159488
   0.11509596]
 [ 0.12765732  0.09530058  0.11766192 ...,  0.11619656  0.08795092
   0.15012311]
 [ 0.21926394  0.2008989   0.10777791 ...,  0.10684056  0.16122518
   0.11783299]]
P_mean=0.458015352105
Initialized matrices
Training with eta=0.01, num_epochs=10000, lamb_F=0.01, lamb_W=0.01, alpha=0.5, attribute_type=binary, num_processes=5
alpha=0.5, L_G=0.61788349673, L_X=0.692666165693, l1_F=12.7123482996, l1_W=0.451123420198, total_loss=13.818746551
epoch=0, alpha=0.5, L_G=0.60356474345, L_X=0.690888713641, l1_F=12.5507454141, l1_W=0.446999778239, total_loss=13.6449719209
NMI: 0.179754420018
epoch=1, alpha=0.5, L_G=0.589843658087, L_X=0.689154751406, l1_F=12.4003497894, l1_W=0.444523867001, total_loss=13.4843728612
NMI: 0.196034300575
epoch=2, alpha=0.5, L_G=0.577095386321, L_X=0.687465033252, l1_F=12.2519201261, l1_W=0.44384822723, total_loss=13.3280485631
NMI: 0.186085703299
epoch=3, alpha=0.5, L_G=0.565663724379, L_X=0.685821139417, l1_F=12.1112750149, l1_W=0.444573955057, total_loss=13.1815914018
NMI: 0.184935217434
epoch=4, alpha=0.5, L_G=0.553092553929, L_X=0.684222827759, l1_F=11.9603006017, l1_W=0.446482997208, total_loss=13.0254412897
NMI: 0.184320808028
epoch=5, alpha=0.5, L_G=0.541558819385, L_X=0.682655167306, l1_F=11.8216393793, l1_W=0.44927472104, total_loss=12.8830210937
NMI: 0.191003802688
epoch=6, alpha=0.5, L_G=0.530342918473, L_X=0.681121620032, l1_F=11.6877649196, l1_W=0.452807238645, total_loss=12.7463044275
NMI: 0.194075820814
epoch=7, alpha=0.5, L_G=0.519094056476, L_X=0.679619230973, l1_F=11.5480364281, l1_W=0.457057986491, total_loss=12.6044510583
NMI: 0.193845202446
epoch=8, alpha=0.5, L_G=0.508727724218, L_X=0.678144014204, l1_F=11.4202480588, l1_W=0.461990083846, total_loss=12.4756740119
NMI: 0.19205205079
epoch=9, alpha=0.5, L_G=0.499013704209, L_X=0.676696768401, l1_F=11.2950235573, l1_W=0.467448775495, total_loss=12.3503275691
NMI: 0.194846439301
epoch=10, alpha=0.5, L_G=0.48932795083, L_X=0.675275950213, l1_F=11.1685090575, l1_W=0.473341394949, total_loss=12.2241524029
NMI: 0.201376407173
epoch=11, alpha=0.5, L_G=0.480114724279, L_X=0.673875400515, l1_F=11.0516810604, l1_W=0.479700692728, total_loss=12.1083768155
NMI: 0.204320457356
epoch=12, alpha=0.5, L_G=0.470477880812, L_X=0.672505821086, l1_F=10.9246284999, l1_W=0.486466215455, total_loss=11.9825865663
NMI: 0.188619920095
epoch=13, alpha=0.5, L_G=0.462617955348, L_X=0.671148470405, l1_F=10.8185890699, l1_W=0.493628173917, total_loss=11.8791004567
NMI: 0.194504374618
epoch=14, alpha=0.5, L_G=0.453245379794, L_X=0.669826082969, l1_F=10.6923132468, l1_W=0.501108009179, total_loss=11.7549569874
NMI: 0.176169221245
epoch=15, alpha=0.5, L_G=0.445938939091, L_X=0.668506731317, l1_F=10.5912470025, l1_W=0.508903991639, total_loss=11.6573738294
NMI: 0.181358089506
epoch=16, alpha=0.5, L_G=0.437631122555, L_X=0.66722230158, l1_F=10.4723855557, l1_W=0.516976608793, total_loss=11.5417888765
NMI: 0.188974228166
epoch=17, alpha=0.5, L_G=0.429672328513, L_X=0.665953287143, l1_F=10.3638879106, l1_W=0.525313377837, total_loss=11.4370140963
NMI: 0.195176636285
epoch=18, alpha=0.5, L_G=0.422172534276, L_X=0.664701691692, l1_F=10.2555546516, l1_W=0.533952711702, total_loss=11.3329444762
NMI: 0.186669490956
epoch=19, alpha=0.5, L_G=0.414645653067, L_X=0.663468092772, l1_F=10.1450464893, l1_W=0.542837240235, total_loss=11.2269406025
NMI: 0.193589007375
epoch=20, alpha=0.5, L_G=0.408168881526, L_X=0.662242299572, l1_F=10.0491080927, l1_W=0.551892762569, total_loss=11.1362064458
NMI: 0.177097920373
epoch=21, alpha=0.5, L_G=0.401164387193, L_X=0.661040650451, l1_F=9.94887296886, l1_W=0.561118200142, total_loss=11.0410936878
NMI: 0.182044275449
epoch=22, alpha=0.5, L_G=0.395502200633, L_X=0.659843224787, l1_F=9.86011200289, l1_W=0.570511850847, total_loss=10.9582965664
NMI: 0.184144063744
epoch=23, alpha=0.5, L_G=0.389655799062, L_X=0.658657557737, l1_F=9.7721988509, l1_W=0.580120283928, total_loss=10.8764758132
NMI: 0.193572648116
epoch=24, alpha=0.5, L_G=0.382257991411, L_X=0.65750753959, l1_F=9.6679299514, l1_W=0.589849429882, total_loss=10.7776621468
NMI: 0.186694667189
epoch=25, alpha=0.5, L_G=0.376507164464, L_X=0.656362211087, l1_F=9.57321884115, l1_W=0.599741096435, total_loss=10.6893946254
NMI: 0.19510025874
epoch=26, alpha=0.5, L_G=0.370095228205, L_X=0.655241922892, l1_F=9.46833215202, l1_W=0.609733619954, total_loss=10.5907343475
NMI: 0.181965329672
epoch=27, alpha=0.5, L_G=0.365554052632, L_X=0.654103683889, l1_F=9.39407706962, l1_W=0.619845766542, total_loss=10.5237517044
NMI: 0.187500064631
epoch=28, alpha=0.5, L_G=0.360162131563, L_X=0.652993202624, l1_F=9.30590263042, l1_W=0.630065788818, total_loss=10.4425460863
NMI: 0.192168960263
epoch=29, alpha=0.5, L_G=0.354714720573, L_X=0.651895750163, l1_F=9.21773297735, l1_W=0.640396745308, total_loss=10.361434958
NMI: 0.194099858018
epoch=30, alpha=0.5, L_G=0.350153986534, L_X=0.650796521601, l1_F=9.14134132563, l1_W=0.650830588404, total_loss=10.2926471681
NMI: 0.185203369225
epoch=31, alpha=0.5, L_G=0.345763114031, L_X=0.649705717766, l1_F=9.06949308718, l1_W=0.661271946717, total_loss=10.2284994498
NMI: 0.188246155173
epoch=32, alpha=0.5, L_G=0.341232821954, L_X=0.648629267494, l1_F=8.99483191752, l1_W=0.671751169268, total_loss=10.1615141315
NMI: 0.192983272511
epoch=33, alpha=0.5, L_G=0.336127686894, L_X=0.647578026672, l1_F=8.90676382236, l1_W=0.682276649852, total_loss=10.080893329
NMI: 0.197354086608
epoch=34, alpha=0.5, L_G=0.331528864304, L_X=0.646530682538, l1_F=8.82399320444, l1_W=0.692865027906, total_loss=10.0058880058
NMI: 0.188853799097
epoch=35, alpha=0.5, L_G=0.327067741892, L_X=0.64548835609, l1_F=8.74894415517, l1_W=0.70350233942, total_loss=9.93872454358
NMI: 0.188694179962
epoch=36, alpha=0.5, L_G=0.323066226891, L_X=0.644451562205, l1_F=8.67539801426, l1_W=0.714122811094, total_loss=9.8732797199
NMI: 0.184170351807
epoch=37, alpha=0.5, L_G=0.318543582551, L_X=0.643438153189, l1_F=8.59305548026, l1_W=0.724730825711, total_loss=9.79877717384
NMI: 0.199056746271
epoch=38, alpha=0.5, L_G=0.314792688876, L_X=0.642415823791, l1_F=8.52480391087, l1_W=0.735365260146, total_loss=9.73877342735
NMI: 0.206737119733
epoch=39, alpha=0.5, L_G=0.310782930247, L_X=0.641397581426, l1_F=8.4598408936, l1_W=0.746008989112, total_loss=9.68194013855
NMI: 0.201974175702
epoch=40, alpha=0.5, L_G=0.30649259302, L_X=0.640410929151, l1_F=8.37679716983, l1_W=0.756637377188, total_loss=9.6068863081
NMI: 0.19781295971
epoch=41, alpha=0.5, L_G=0.304156167031, L_X=0.639389315505, l1_F=8.32883609839, l1_W=0.767250116674, total_loss=9.56785895634
NMI: 0.197560298791
epoch=42, alpha=0.5, L_G=0.300635385594, L_X=0.638400756983, l1_F=8.25965769224, l1_W=0.777801555091, total_loss=9.50697731862
NMI: 0.197927980218
epoch=43, alpha=0.5, L_G=0.297390310517, L_X=0.637410086792, l1_F=8.19721862125, l1_W=0.788319857097, total_loss=9.452938677
NMI: 0.203285952577
epoch=44, alpha=0.5, L_G=0.293744524974, L_X=0.63644274423, l1_F=8.1272045728, l1_W=0.798775266349, total_loss=9.39107347375
NMI: 0.193981795973
epoch=45, alpha=0.5, L_G=0.2900135802, L_X=0.635484421926, l1_F=8.05612551027, l1_W=0.809149642954, total_loss=9.32802415429
NMI: 0.189903394339
epoch=46, alpha=0.5, L_G=0.286351015581, L_X=0.6345324204, l1_F=7.98316903364, l1_W=0.819472481822, total_loss=9.26308323346
NMI: 0.184082267768
epoch=47, alpha=0.5, L_G=0.28393593118, L_X=0.633551442151, l1_F=7.93536015455, l1_W=0.82976790807, total_loss=9.22387174929
NMI: 0.185257667369
epoch=48, alpha=0.5, L_G=0.279492494316, L_X=0.632629895094, l1_F=7.85444054705, l1_W=0.839985249048, total_loss=9.15048699081
NMI: 0.189188433048
epoch=49, alpha=0.5, L_G=0.276788535482, L_X=0.6316816874, l1_F=7.79466783734, l1_W=0.850160087244, total_loss=9.09906303602
NMI: 0.188810224892
epoch=50, alpha=0.5, L_G=0.274086190373, L_X=0.6307473038, l1_F=7.73189009254, l1_W=0.860270494809, total_loss=9.04457733443
NMI: 0.186671217258
epoch=51, alpha=0.5, L_G=0.271267687051, L_X=0.629800658294, l1_F=7.67933185945, l1_W=0.870328123823, total_loss=9.00019415595
NMI: 0.181009704167
epoch=52, alpha=0.5, L_G=0.269009306155, L_X=0.628860159011, l1_F=7.62988936604, l1_W=0.880318117422, total_loss=8.95914221605
NMI: 0.189256999302
epoch=53, alpha=0.5, L_G=0.266157499249, L_X=0.627939369252, l1_F=7.56977655698, l1_W=0.890232080459, total_loss=8.90705707169
NMI: 0.185602079415
epoch=54, alpha=0.5, L_G=0.264319460954, L_X=0.62699637772, l1_F=7.52729117618, l1_W=0.900108585326, total_loss=8.87305768084
NMI: 0.191234871915
epoch=55, alpha=0.5, L_G=0.261437941522, L_X=0.626099164283, l1_F=7.46249908663, l1_W=0.909904097023, total_loss=8.81617173656
NMI: 0.191436335834
epoch=56, alpha=0.5, L_G=0.259862052644, L_X=0.625164206175, l1_F=7.42051128201, l1_W=0.919657149982, total_loss=8.78268156141
NMI: 0.174048525113
epoch=57, alpha=0.5, L_G=0.256739777218, L_X=0.624294701274, l1_F=7.34640448281, l1_W=0.929326103949, total_loss=8.716247826
NMI: 0.188379504902
epoch=58, alpha=0.5, L_G=0.254513978548, L_X=0.62338318459, l1_F=7.29743505764, l1_W=0.938926256552, total_loss=8.67530989576
NMI: 0.185853263366
epoch=59, alpha=0.5, L_G=0.251775596323, L_X=0.622495487486, l1_F=7.23709118872, l1_W=0.948445863055, total_loss=8.62267259368
NMI: 0.180913346173
epoch=60, alpha=0.5, L_G=0.249759449661, L_X=0.621601736855, l1_F=7.18602378093, l1_W=0.957918657244, total_loss=8.57962303143
NMI: 0.180950063178
epoch=61, alpha=0.5, L_G=0.247125440184, L_X=0.6207377118, l1_F=7.12162260885, l1_W=0.96728850015, total_loss=8.52284268499
NMI: 0.176995943488
epoch=62, alpha=0.5, L_G=0.244904888974, L_X=0.619857367774, l1_F=7.06872996424, l1_W=0.976577236917, total_loss=8.47768832953
NMI: 0.172168350179
epoch=63, alpha=0.5, L_G=0.243378605726, L_X=0.61896246861, l1_F=7.02976126666, l1_W=0.985805539756, total_loss=8.44673734359
NMI: 0.177229466597
epoch=64, alpha=0.5, L_G=0.241259783684, L_X=0.61807059951, l1_F=6.98798730094, l1_W=0.994973850604, total_loss=8.41262634314
NMI: 0.173184472785
epoch=65, alpha=0.5, L_G=0.239791474181, L_X=0.61719335398, l1_F=6.94100641397, l1_W=1.00408323601, total_loss=8.37358206406
NMI: 0.175420571782
epoch=66, alpha=0.5, L_G=0.237480588134, L_X=0.616340992906, l1_F=6.88534806875, l1_W=1.01310501657, total_loss=8.32536387584
NMI: 0.168826625857
epoch=67, alpha=0.5, L_G=0.235672048352, L_X=0.61547285096, l1_F=6.83878592043, l1_W=1.02205778998, total_loss=8.28641616007
NMI: 0.161766517349
epoch=68, alpha=0.5, L_G=0.233742968101, L_X=0.614626234678, l1_F=6.78473330519, l1_W=1.03092226664, total_loss=8.23984017322
NMI: 0.162909805343
epoch=69, alpha=0.5, L_G=0.231721161276, L_X=0.613777154651, l1_F=6.73170533736, l1_W=1.03972180307, total_loss=8.19417629839
NMI: 0.163096433722
epoch=70, alpha=0.5, L_G=0.229880035863, L_X=0.612923770726, l1_F=6.68569343751, l1_W=1.04844258426, total_loss=8.15553792507
NMI: 0.167278895756
epoch=71, alpha=0.5, L_G=0.228680673151, L_X=0.612049170435, l1_F=6.65421968245, l1_W=1.05709637051, total_loss=8.13168097475
NMI: 0.157308202988
epoch=72, alpha=0.5, L_G=0.226874967705, L_X=0.611196558252, l1_F=6.61213983376, l1_W=1.06569131056, total_loss=8.0968669073
NMI: 0.163708671818
epoch=73, alpha=0.5, L_G=0.225317699516, L_X=0.61035699417, l1_F=6.5661036116, l1_W=1.07421436411, total_loss=8.05815532255
NMI: 0.15795530983
epoch=74, alpha=0.5, L_G=0.224138058498, L_X=0.609487666431, l1_F=6.53982556349, l1_W=1.08267176455, total_loss=8.0393101905
NMI: 0.153288830704
epoch=75, alpha=0.5, L_G=0.22288236203, L_X=0.608636646999, l1_F=6.50374978681, l1_W=1.09106169952, total_loss=8.01057099085
NMI: 0.150546321658
epoch=76, alpha=0.5, L_G=0.221092658346, L_X=0.607808020997, l1_F=6.45714452315, l1_W=1.09938494314, total_loss=7.97097980596
NMI: 0.162346249523
epoch=77, alpha=0.5, L_G=0.219935858198, L_X=0.606960847532, l1_F=6.42366738662, l1_W=1.10764276874, total_loss=7.94475850823
NMI: 0.158283065776
epoch=78, alpha=0.5, L_G=0.219140512621, L_X=0.606115905184, l1_F=6.38981574518, l1_W=1.11583729003, total_loss=7.91828124412
NMI: 0.159893153048
epoch=79, alpha=0.5, L_G=0.217596174269, L_X=0.605296583717, l1_F=6.34650359451, l1_W=1.12396023176, total_loss=7.88191020527
NMI: 0.157494641053
epoch=80, alpha=0.5, L_G=0.216350334165, L_X=0.60447183845, l1_F=6.30614427032, l1_W=1.13201735502, total_loss=7.84857271165
NMI: 0.159413013376
epoch=81, alpha=0.5, L_G=0.215255263723, L_X=0.603637377994, l1_F=6.27452886277, l1_W=1.14000974646, total_loss=7.82398493009
NMI: 0.157561192821
epoch=82, alpha=0.5, L_G=0.213843109223, L_X=0.602823777354, l1_F=6.23322951821, l1_W=1.14793054352, total_loss=7.78949350501
NMI: 0.162914229499
epoch=83, alpha=0.5, L_G=0.212807286747, L_X=0.601990596182, l1_F=6.20233630687, l1_W=1.15581484993, total_loss=7.76555009827
NMI: 0.164094346802
epoch=84, alpha=0.5, L_G=0.211439190892, L_X=0.601176162542, l1_F=6.16573133069, l1_W=1.16363055616, total_loss=7.73566956356
NMI: 0.168518598563
epoch=85, alpha=0.5, L_G=0.210384574283, L_X=0.600363262415, l1_F=6.12938209437, l1_W=1.17137647018, total_loss=7.70613248291
NMI: 0.151132193667
epoch=86, alpha=0.5, L_G=0.209246523532, L_X=0.599560249303, l1_F=6.08874547092, l1_W=1.1790603856, total_loss=7.67220924293
NMI: 0.150891412431
epoch=87, alpha=0.5, L_G=0.207977578922, L_X=0.598749608826, l1_F=6.05568157335, l1_W=1.18668316245, total_loss=7.64572832967
NMI: 0.148956733292
epoch=88, alpha=0.5, L_G=0.206899850459, L_X=0.597941105395, l1_F=6.02213299564, l1_W=1.19424669219, total_loss=7.61880016576
NMI: 0.155101218573
epoch=89, alpha=0.5, L_G=0.205977945329, L_X=0.59712170802, l1_F=5.99569769939, l1_W=1.20176122924, total_loss=7.59900875531
NMI: 0.151347075668
epoch=90, alpha=0.5, L_G=0.205572990165, L_X=0.596300955623, l1_F=5.97047961995, l1_W=1.20923001404, total_loss=7.58064660688
NMI: 0.141235436886
epoch=91, alpha=0.5, L_G=0.204162798864, L_X=0.595500237131, l1_F=5.93839606066, l1_W=1.21663091818, total_loss=7.55485849684
NMI: 0.146209465899
epoch=92, alpha=0.5, L_G=0.203252758992, L_X=0.594718815279, l1_F=5.89753313361, l1_W=1.22397664685, total_loss=7.5204955676
NMI: 0.150572041541
epoch=93, alpha=0.5, L_G=0.202553899451, L_X=0.593918440824, l1_F=5.868957172, l1_W=1.23126176126, total_loss=7.4984551034
NMI: 0.152643774414
epoch=94, alpha=0.5, L_G=0.202028934426, L_X=0.593114498659, l1_F=5.84265965831, l1_W=1.23850460086, total_loss=7.47873597571
NMI: 0.153048252519
epoch=95, alpha=0.5, L_G=0.20085242566, L_X=0.592322797006, l1_F=5.81187622042, l1_W=1.24568227105, total_loss=7.45414610281
NMI: 0.152892758113
epoch=96, alpha=0.5, L_G=0.200103934659, L_X=0.591520701338, l1_F=5.78845302118, l1_W=1.25281122652, total_loss=7.4370765657
NMI: 0.148777242355
epoch=97, alpha=0.5, L_G=0.199526072726, L_X=0.5907319313, l1_F=5.75825693959, l1_W=1.25989235932, total_loss=7.41327830092
NMI: 0.153279826095
epoch=98, alpha=0.5, L_G=0.198619399223, L_X=0.589936504256, l1_F=5.73522333435, l1_W=1.26691719537, total_loss=7.39641848145
NMI: 0.15337182228
epoch=99, alpha=0.5, L_G=0.197710440739, L_X=0.58916793166, l1_F=5.69880183954, l1_W=1.27389335517, total_loss=7.36613438091
NMI: 0.149437988385
epoch=100, alpha=0.5, L_G=0.197170789112, L_X=0.588377337198, l1_F=5.67587809664, l1_W=1.28080334925, total_loss=7.34945550905
NMI: 0.147144354288
epoch=101, alpha=0.5, L_G=0.196164668355, L_X=0.587606793276, l1_F=5.64279985918, l1_W=1.28767548841, total_loss=7.32236107841
NMI: 0.151502658329
epoch=102, alpha=0.5, L_G=0.19518459508, L_X=0.586839395624, l1_F=5.61001003245, l1_W=1.2944754313, total_loss=7.29549745911
NMI: 0.151514016776
epoch=103, alpha=0.5, L_G=0.194573936786, L_X=0.586059840061, l1_F=5.58530250226, l1_W=1.30123556303, total_loss=7.27685495371
NMI: 0.151316769567
epoch=104, alpha=0.5, L_G=0.193952793339, L_X=0.585285083392, l1_F=5.55934742894, l1_W=1.30794965003, total_loss=7.25691601734
NMI: 0.151565614041
epoch=105, alpha=0.5, L_G=0.193070517804, L_X=0.584518707643, l1_F=5.53181781652, l1_W=1.31460584757, total_loss=7.23521827681
NMI: 0.146855771714
epoch=106, alpha=0.5, L_G=0.1924182118, L_X=0.58375330123, l1_F=5.50416225803, l1_W=1.32121915404, total_loss=7.21346716859
NMI: 0.143099291497
epoch=107, alpha=0.5, L_G=0.191870140982, L_X=0.582970027344, l1_F=5.4871883844, l1_W=1.3277776182, total_loss=7.20238608676
NMI: 0.146281190573
epoch=108, alpha=0.5, L_G=0.191008669888, L_X=0.58222375703, l1_F=5.45209571058, l1_W=1.33429002487, total_loss=7.17300194891
NMI: 0.154267276668
epoch=109, alpha=0.5, L_G=0.190526892217, L_X=0.58145299047, l1_F=5.43111816587, l1_W=1.34075997332, total_loss=7.15786808054
NMI: 0.156886918622
epoch=110, alpha=0.5, L_G=0.189738235249, L_X=0.580694823966, l1_F=5.40479872353, l1_W=1.347184678, total_loss=7.13719993114
NMI: 0.150473434515
epoch=111, alpha=0.5, L_G=0.189258812268, L_X=0.579928350361, l1_F=5.38461674788, l1_W=1.35354882041, total_loss=7.1227591496
NMI: 0.151583944116
epoch=112, alpha=0.5, L_G=0.188648992995, L_X=0.579170994983, l1_F=5.36005753909, l1_W=1.35988451869, total_loss=7.10385205177
NMI: 0.149538416594
epoch=113, alpha=0.5, L_G=0.188226022708, L_X=0.578421970577, l1_F=5.33364717614, l1_W=1.3661758942, total_loss=7.08314706698
NMI: 0.146610602066
epoch=114, alpha=0.5, L_G=0.187557193814, L_X=0.577661094304, l1_F=5.31239448626, l1_W=1.3724139671, total_loss=7.06741759742
NMI: 0.145883367849
epoch=115, alpha=0.5, L_G=0.18707620366, L_X=0.576904852791, l1_F=5.2917885069, l1_W=1.37860807987, total_loss=7.05238711499
NMI: 0.146378587731
epoch=116, alpha=0.5, L_G=0.186403430107, L_X=0.576162168199, l1_F=5.26584507972, l1_W=1.38476165452, total_loss=7.03188953339
NMI: 0.146989084415
epoch=117, alpha=0.5, L_G=0.185838724998, L_X=0.575409027964, l1_F=5.24638961467, l1_W=1.39087460582, total_loss=7.01788809697
NMI: 0.14693245887
epoch=118, alpha=0.5, L_G=0.185443511055, L_X=0.574658389656, l1_F=5.22698366991, l1_W=1.39694465034, total_loss=7.00397927061
NMI: 0.145176456425
epoch=119, alpha=0.5, L_G=0.184883285624, L_X=0.573917627375, l1_F=5.20302714491, l1_W=1.40297551763, total_loss=6.98540311904
NMI: 0.145864971382
epoch=120, alpha=0.5, L_G=0.184352813011, L_X=0.573169781173, l1_F=5.18451070147, l1_W=1.408965878, total_loss=6.97223787656
NMI: 0.144040635909
epoch=121, alpha=0.5, L_G=0.183951893219, L_X=0.572425718255, l1_F=5.16428428069, l1_W=1.41491998372, total_loss=6.95739307015
NMI: 0.144888834816
epoch=122, alpha=0.5, L_G=0.18344606966, L_X=0.571694727722, l1_F=5.14008807996, l1_W=1.420817628, total_loss=6.93847610666
NMI: 0.149121820592
epoch=123, alpha=0.5, L_G=0.18298653509, L_X=0.570958566405, l1_F=5.11925351858, l1_W=1.42668738767, total_loss=6.922913457
NMI: 0.148871121311
epoch=124, alpha=0.5, L_G=0.182542870394, L_X=0.570226732082, l1_F=5.09685498818, l1_W=1.43250323842, total_loss=6.90574302784
NMI: 0.149719338542
epoch=125, alpha=0.5, L_G=0.182131589765, L_X=0.569492890546, l1_F=5.07696425178, l1_W=1.43827505285, total_loss=6.89105154479
NMI: 0.147058884213
epoch=126, alpha=0.5, L_G=0.181698490248, L_X=0.56875961448, l1_F=5.05780666545, l1_W=1.44402811353, total_loss=6.87706383135
NMI: 0.149719338542
epoch=127, alpha=0.5, L_G=0.181274737685, L_X=0.568030532283, l1_F=5.03776550843, l1_W=1.44973113579, total_loss=6.8621492792
NMI: 0.148871121311
epoch=128, alpha=0.5, L_G=0.180883269525, L_X=0.567301481021, l1_F=5.01878006825, l1_W=1.45539117207, total_loss=6.8482636156
NMI: 0.149632229103
epoch=129, alpha=0.5, L_G=0.180502959913, L_X=0.566575131942, l1_F=4.999589422, l1_W=1.461027931, total_loss=6.83415639893
NMI: 0.148822031503
epoch=130, alpha=0.5, L_G=0.180129898413, L_X=0.565849640619, l1_F=4.98105108941, l1_W=1.46661310723, total_loss=6.82065396615
NMI: 0.149632229103
epoch=131, alpha=0.5, L_G=0.179766871841, L_X=0.565126543567, l1_F=4.9624418889, l1_W=1.47216139299, total_loss=6.80704998959
NMI: 0.148822031503
epoch=132, alpha=0.5, L_G=0.179411433916, L_X=0.564404640995, l1_F=4.94429523861, l1_W=1.4776855551, total_loss=6.79388883116
NMI: 0.149632229103
epoch=133, alpha=0.5, L_G=0.179064838059, L_X=0.563684736791, l1_F=4.92624032583, l1_W=1.48317127896, total_loss=6.78078639221
NMI: 0.149632229103
epoch=134, alpha=0.5, L_G=0.178725946981, L_X=0.562966391641, l1_F=4.90850010643, l1_W=1.48860116642, total_loss=6.76794744216
NMI: 0.149632229103
epoch=135, alpha=0.5, L_G=0.1783950708, L_X=0.562249828928, l1_F=4.89094054986, l1_W=1.49401258937, total_loss=6.7552755891
NMI: 0.149632229103
epoch=136, alpha=0.5, L_G=0.178071735945, L_X=0.561534842527, l1_F=4.87362584625, l1_W=1.49940035651, total_loss=6.74282949199
NMI: 0.149632229103
epoch=137, alpha=0.5, L_G=0.177755880309, L_X=0.560821590077, l1_F=4.85651962942, l1_W=1.50473099576, total_loss=6.73053936037
NMI: 0.149632229103
epoch=138, alpha=0.5, L_G=0.177447259342, L_X=0.560110028853, l1_F=4.83963262303, l1_W=1.51003523968, total_loss=6.71844650681
NMI: 0.149632229103
epoch=139, alpha=0.5, L_G=0.177145714422, L_X=0.559400043949, l1_F=4.82295559441, l1_W=1.51531880516, total_loss=6.70654727875
NMI: 0.149632229103
epoch=140, alpha=0.5, L_G=0.176851060698, L_X=0.558691764724, l1_F=4.80648730978, l1_W=1.52055520192, total_loss=6.69481392441
NMI: 0.149632229103
epoch=141, alpha=0.5, L_G=0.176563134607, L_X=0.557985130298, l1_F=4.79022310699, l1_W=1.52575668366, total_loss=6.6832539231
NMI: 0.149632229103
epoch=142, alpha=0.5, L_G=0.176281768596, L_X=0.557280146413, l1_F=4.77416073762, l1_W=1.53092763952, total_loss=6.67186933465
NMI: 0.149632229103
epoch=143, alpha=0.5, L_G=0.176006798341, L_X=0.556576794751, l1_F=4.75829607958, l1_W=1.53606972142, total_loss=6.66065759755
NMI: 0.149632229103
epoch=144, alpha=0.5, L_G=0.175738064388, L_X=0.555875078237, l1_F=4.74262687158, l1_W=1.54117043285, total_loss=6.64960387575
NMI: 0.149632229103
epoch=145, alpha=0.5, L_G=0.175475412082, L_X=0.555174960587, l1_F=4.72714991167, l1_W=1.54624951862, total_loss=6.63872461662
NMI: 0.149632229103
epoch=146, alpha=0.5, L_G=0.175218692973, L_X=0.554476463054, l1_F=4.71186209175, l1_W=1.55129685913, total_loss=6.62800652889
NMI: 0.149632229103
epoch=147, alpha=0.5, L_G=0.174967762455, L_X=0.553779562096, l1_F=4.69676041743, l1_W=1.55630633123, total_loss=6.61744041094
NMI: 0.149632229103
epoch=148, alpha=0.5, L_G=0.174722485962, L_X=0.553084292263, l1_F=4.68184075047, l1_W=1.56129116542, total_loss=6.60703530501
NMI: 0.149632229103
epoch=149, alpha=0.5, L_G=0.174482719067, L_X=0.55239057115, l1_F=4.66710239966, l1_W=1.56624337091, total_loss=6.59678241568
NMI: 0.149632229103
epoch=150, alpha=0.5, L_G=0.174248328879, L_X=0.551698499458, l1_F=4.65254197127, l1_W=1.57116203192, total_loss=6.58667741736
NMI: 0.149632229103
epoch=151, alpha=0.5, L_G=0.174019186641, L_X=0.551008009518, l1_F=4.63815649808, l1_W=1.57604916769, total_loss=6.57671926385
NMI: 0.149632229103
epoch=152, alpha=0.5, L_G=0.17379516599, L_X=0.550319084548, l1_F=4.62394333925, l1_W=1.58090919077, total_loss=6.56690965528
NMI: 0.149632229103
epoch=153, alpha=0.5, L_G=0.173576144252, L_X=0.549631743848, l1_F=4.60989984584, l1_W=1.58574062165, total_loss=6.55724441154
NMI: 0.149632229103
epoch=154, alpha=0.5, L_G=0.173362001729, L_X=0.548945977624, l1_F=4.59602347077, l1_W=1.59053984372, total_loss=6.54771730416
NMI: 0.149632229103
epoch=155, alpha=0.5, L_G=0.173152621829, L_X=0.54826180653, l1_F=4.58231173878, l1_W=1.5953041725, total_loss=6.53832312546
NMI: 0.149632229103
epoch=156, alpha=0.5, L_G=0.172947891081, L_X=0.547579125473, l1_F=4.56876219317, l1_W=1.6000587343, total_loss=6.52908443575
NMI: 0.149632229103
epoch=157, alpha=0.5, L_G=0.172747699136, L_X=0.546898087477, l1_F=4.55537245038, l1_W=1.60475987002, total_loss=6.5199552137
NMI: 0.149632229103
epoch=158, alpha=0.5, L_G=0.172551941234, L_X=0.546218582164, l1_F=4.54214016211, l1_W=1.60944243329, total_loss=6.51096785709
NMI: 0.149632229103
epoch=159, alpha=0.5, L_G=0.172360509242, L_X=0.545540582197, l1_F=4.52906308425, l1_W=1.61410354849, total_loss=6.50211717846
NMI: 0.149632229103
epoch=160, alpha=0.5, L_G=0.172173301476, L_X=0.54486415788, l1_F=4.51613894435, l1_W=1.61873593522, total_loss=6.49339360925
NMI: 0.149632229103
epoch=161, alpha=0.5, L_G=0.171990218245, L_X=0.544189210911, l1_F=4.50336558335, l1_W=1.62333095937, total_loss=6.4847862573
NMI: 0.147090547792
epoch=162, alpha=0.5, L_G=0.171811167025, L_X=0.543515921642, l1_F=4.49073995645, l1_W=1.62790599898, total_loss=6.47630949976
NMI: 0.147090547792
epoch=163, alpha=0.5, L_G=0.171636046196, L_X=0.542844044979, l1_F=4.47826145745, l1_W=1.63245466347, total_loss=6.46795616651
NMI: 0.146482373739
epoch=164, alpha=0.5, L_G=0.171464765676, L_X=0.542173779614, l1_F=4.46592756684, l1_W=1.63696542844, total_loss=6.45971226792
NMI: 0.146482373739
epoch=165, alpha=0.5, L_G=0.171297236146, L_X=0.541504986626, l1_F=4.45373610679, l1_W=1.64146120723, total_loss=6.45159842541
NMI: 0.146482373739
epoch=166, alpha=0.5, L_G=0.171133370293, L_X=0.540837689225, l1_F=4.44168506199, l1_W=1.64593035143, total_loss=6.44360094317
NMI: 0.146482373739
epoch=167, alpha=0.5, L_G=0.170973082756, L_X=0.540171896359, l1_F=4.42977252075, l1_W=1.65037452311, total_loss=6.43571953342
NMI: 0.146482373739
epoch=168, alpha=0.5, L_G=0.170816292712, L_X=0.539507619851, l1_F=4.4179965312, l1_W=1.6547925835, total_loss=6.42795107098
NMI: 0.146482373739
epoch=169, alpha=0.5, L_G=0.170662919665, L_X=0.538844908619, l1_F=4.4063553693, l1_W=1.65916446188, total_loss=6.42027374532
NMI: 0.146482373739
epoch=170, alpha=0.5, L_G=0.170512881751, L_X=0.538183654474, l1_F=4.39484710624, l1_W=1.66353850988, total_loss=6.41273388423
NMI: 0.146482373739
epoch=171, alpha=0.5, L_G=0.170366101955, L_X=0.537523859023, l1_F=4.38346992471, l1_W=1.66787076286, total_loss=6.40528566806
NMI: 0.146482373739
epoch=172, alpha=0.5, L_G=0.170222505256, L_X=0.53686564575, l1_F=4.37222207273, l1_W=1.67217232037, total_loss=6.3979384686
NMI: 0.146482373739
epoch=173, alpha=0.5, L_G=0.1700820185, L_X=0.536208805918, l1_F=4.36110181372, l1_W=1.67647433839, total_loss=6.39072156432
NMI: 0.146482373739
epoch=174, alpha=0.5, L_G=0.169944570116, L_X=0.535553477836, l1_F=4.35010749837, l1_W=1.68073054648, total_loss=6.38358706883
NMI: 0.146482373739
epoch=175, alpha=0.5, L_G=0.169810090617, L_X=0.534899670275, l1_F=4.33923735852, l1_W=1.68496757434, total_loss=6.3765598133
NMI: 0.146482373739
epoch=176, alpha=0.5, L_G=0.169678511761, L_X=0.534247277129, l1_F=4.32848982801, l1_W=1.68918362896, total_loss=6.36963635141
NMI: 0.146482373739
epoch=177, alpha=0.5, L_G=0.169549767433, L_X=0.533596424511, l1_F=4.31786325748, l1_W=1.6933632801, total_loss=6.36279963356
NMI: 0.146482373739
epoch=178, alpha=0.5, L_G=0.169423794233, L_X=0.532946924877, l1_F=4.30735613618, l1_W=1.69754116935, total_loss=6.35608266508
NMI: 0.146482373739
epoch=179, alpha=0.5, L_G=0.169300528121, L_X=0.532298949533, l1_F=4.29696676738, l1_W=1.70168182919, total_loss=6.34944833541
NMI: 0.146482373739
epoch=180, alpha=0.5, L_G=0.169179909805, L_X=0.531652431052, l1_F=4.28669306385, l1_W=1.70579630007, total_loss=6.34290553435
NMI: 0.146482373739
epoch=181, alpha=0.5, L_G=0.16906187764, L_X=0.531007358816, l1_F=4.27653418538, l1_W=1.70989753789, total_loss=6.3364663415
NMI: 0.146482373739
epoch=182, alpha=0.5, L_G=0.168946372197, L_X=0.530363744393, l1_F=4.26648848026, l1_W=1.71396119485, total_loss=6.3301047334
NMI: 0.146482373739
epoch=183, alpha=0.5, L_G=0.168833337085, L_X=0.529721602844, l1_F=4.25655428682, l1_W=1.71800458972, total_loss=6.32383634651
NMI: 0.146482373739
epoch=184, alpha=0.5, L_G=0.168722717034, L_X=0.529080764577, l1_F=4.24673012142, l1_W=1.72205278041, total_loss=6.31768464263
NMI: 0.145068612107
epoch=185, alpha=0.5, L_G=0.168614458577, L_X=0.528441445157, l1_F=4.23701447731, l1_W=1.72604991993, total_loss=6.31159234911
NMI: 0.145068612107
epoch=186, alpha=0.5, L_G=0.168508509395, L_X=0.527803624863, l1_F=4.22740573999, l1_W=1.73002544307, total_loss=6.30558725019
NMI: 0.145068612107
epoch=187, alpha=0.5, L_G=0.168404818459, L_X=0.5271671234, l1_F=4.21790232646, l1_W=1.73399651981, total_loss=6.2996848172
NMI: 0.146934993819
epoch=188, alpha=0.5, L_G=0.168303335668, L_X=0.526532102021, l1_F=4.20850281079, l1_W=1.73793179916, total_loss=6.29385232879
NMI: 0.146934993819
epoch=189, alpha=0.5, L_G=0.168204012449, L_X=0.52589848213, l1_F=4.19920564791, l1_W=1.74185302999, total_loss=6.28810992519
NMI: 0.146934993819
epoch=190, alpha=0.5, L_G=0.168106799217, L_X=0.525266296192, l1_F=4.19000980747, l1_W=1.74574149665, total_loss=6.28243785183
NMI: 0.146934993819
epoch=191, alpha=0.5, L_G=0.168011653079, L_X=0.524635513999, l1_F=4.18091321731, l1_W=1.749627063, total_loss=6.27686386384
NMI: 0.146934993819
epoch=192, alpha=0.5, L_G=0.167918528959, L_X=0.524006115138, l1_F=4.1719143908, l1_W=1.7534747801, total_loss=6.27135149295
NMI: 0.143272031322
epoch=193, alpha=0.5, L_G=0.167827382766, L_X=0.523378182407, l1_F=4.16301194067, l1_W=1.75731012296, total_loss=6.26592484621
NMI: 0.142798757279
epoch=194, alpha=0.5, L_G=0.167738171336, L_X=0.522751635201, l1_F=4.1542045054, l1_W=1.76111894019, total_loss=6.26056834886
NMI: 0.142798757279
epoch=195, alpha=0.5, L_G=0.167650852474, L_X=0.522126488886, l1_F=4.14549078983, l1_W=1.76491236389, total_loss=6.2552918244
NMI: 0.142798757279
epoch=196, alpha=0.5, L_G=0.167565385133, L_X=0.521502678723, l1_F=4.13686947742, l1_W=1.76868966057, total_loss=6.25009316993
NMI: 0.142798757279
epoch=197, alpha=0.5, L_G=0.167481729209, L_X=0.520880362267, l1_F=4.12833935411, l1_W=1.77243594174, total_loss=6.24495634159
NMI: 0.142798757279
epoch=198, alpha=0.5, L_G=0.167399845985, L_X=0.520259405216, l1_F=4.11989911271, l1_W=1.77616427202, total_loss=6.23989301033
NMI: 0.142798757279
epoch=199, alpha=0.5, L_G=0.167319696749, L_X=0.519639842554, l1_F=4.11154756733, l1_W=1.77987000806, total_loss=6.23489734505
NMI: 0.141876008246
epoch=200, alpha=0.5, L_G=0.167241242738, L_X=0.519021640489, l1_F=4.10328380772, l1_W=1.78356065948, total_loss=6.22997590881
NMI: 0.141876008246
epoch=201, alpha=0.5, L_G=0.167164448381, L_X=0.518404787784, l1_F=4.09510634259, l1_W=1.78724343354, total_loss=6.22513439421
NMI: 0.141876008246
epoch=202, alpha=0.5, L_G=0.167089277227, L_X=0.517789345462, l1_F=4.08701418199, l1_W=1.79088705757, total_loss=6.22034055091
NMI: 0.141876008246
epoch=203, alpha=0.5, L_G=0.167015691687, L_X=0.517175341239, l1_F=4.07900680532, l1_W=1.79451019286, total_loss=6.21561251464
NMI: 0.141876008246
epoch=204, alpha=0.5, L_G=0.166943661811, L_X=0.516562655316, l1_F=4.07108205261, l1_W=1.7981242001, total_loss=6.21095941127
NMI: 0.141876008246
epoch=205, alpha=0.5, L_G=0.166873148482, L_X=0.515951335474, l1_F=4.06324022725, l1_W=1.80171216655, total_loss=6.20636463577
NMI: 0.141876008246
epoch=206, alpha=0.5, L_G=0.16680412323, L_X=0.515341324528, l1_F=4.05547917992, l1_W=1.80529498514, total_loss=6.20184688894
NMI: 0.141876008246
epoch=207, alpha=0.5, L_G=0.166736549152, L_X=0.514732704924, l1_F=4.04779911275, l1_W=1.80885776673, total_loss=6.19739150652
NMI: 0.141876008246
epoch=208, alpha=0.5, L_G=0.166670399182, L_X=0.514125480523, l1_F=4.04019795032, l1_W=1.81237786695, total_loss=6.19297375712
NMI: 0.141876008246
epoch=209, alpha=0.5, L_G=0.16660563668, L_X=0.513519636392, l1_F=4.03267614007, l1_W=1.81589146206, total_loss=6.18863023866
NMI: 0.141876008246
epoch=210, alpha=0.5, L_G=0.166542238207, L_X=0.512915077121, l1_F=4.02523108375, l1_W=1.81939663772, total_loss=6.18435637914
NMI: 0.141876008246
epoch=211, alpha=0.5, L_G=0.16648016382, L_X=0.5123118521, l1_F=4.01786442223, l1_W=1.82287811418, total_loss=6.18013854438
NMI: 0.141876008246
epoch=212, alpha=0.5, L_G=0.166419398631, L_X=0.511709998673, l1_F=4.01057180983, l1_W=1.82633785656, total_loss=6.17597436504
NMI: 0.141876008246
epoch=213, alpha=0.5, L_G=0.166359891796, L_X=0.511109461326, l1_F=4.00335790071, l1_W=1.82978402474, total_loss=6.17187660201
NMI: 0.141876008246
epoch=214, alpha=0.5, L_G=0.1663016526, L_X=0.510510350552, l1_F=3.99621277779, l1_W=1.83319968953, total_loss=6.16781846889
NMI: 0.141876008246
epoch=215, alpha=0.5, L_G=0.166244582693, L_X=0.50991244154, l1_F=3.98915313045, l1_W=1.83661526018, total_loss=6.16384690274
NMI: 0.141876008246
epoch=216, alpha=0.5, L_G=0.166188801534, L_X=0.509315917029, l1_F=3.98214208488, l1_W=1.84001171785, total_loss=6.15990616201
NMI: 0.141876008246
epoch=217, alpha=0.5, L_G=0.166133953837, L_X=0.508720663218, l1_F=3.97526044101, l1_W=1.84337287337, total_loss=6.15606062291
NMI: 0.141876008246
epoch=218, alpha=0.5, L_G=0.166080816674, L_X=0.508127041743, l1_F=3.96830916743, l1_W=1.84672251001, total_loss=6.15213560664
NMI: 0.141876008246
epoch=219, alpha=0.5, L_G=0.166027286174, L_X=0.507533895406, l1_F=3.96180950636, l1_W=1.85006086798, total_loss=6.14865096513
NMI: 0.141876008246
epoch=220, alpha=0.5, L_G=0.165979485399, L_X=0.506944288027, l1_F=3.95428923998, l1_W=1.85338447606, total_loss=6.14413560275
NMI: 0.141876008246
epoch=221, alpha=0.5, L_G=0.165921991977, L_X=0.506349235057, l1_F=3.95010958886, l1_W=1.85668749364, total_loss=6.14293269602
NMI: 0.141876008246
epoch=222, alpha=0.5, L_G=0.16591113285, L_X=0.505772366952, l1_F=3.93781724965, l1_W=1.85995832158, total_loss=6.13361732114
NMI: 0.142349796737
epoch=223, alpha=0.5, L_G=0.165861331693, L_X=0.505184992829, l1_F=3.93135727229, l1_W=1.86322789448, total_loss=6.13010832903
NMI: 0.141130660243
epoch=224, alpha=0.5, L_G=0.165811658832, L_X=0.504598713164, l1_F=3.92507240131, l1_W=1.86646989431, total_loss=6.12674748162
NMI: 0.141130660243
epoch=225, alpha=0.5, L_G=0.165761725029, L_X=0.50401345458, l1_F=3.91900637632, l1_W=1.86969404858, total_loss=6.1235880147
NMI: 0.141109130731
epoch=226, alpha=0.5, L_G=0.165710780355, L_X=0.503428892887, l1_F=3.91326094684, l1_W=1.87291391824, total_loss=6.12074470171
NMI: 0.141109130731
epoch=227, alpha=0.5, L_G=0.165657115835, L_X=0.502844480851, l1_F=3.90814395765, l1_W=1.87610434165, total_loss=6.11849909765
NMI: 0.140635040662
epoch=228, alpha=0.5, L_G=0.165598260535, L_X=0.502255672937, l1_F=3.90584926672, l1_W=1.87929240479, total_loss=6.11906863824
NMI: 0.140635040662
epoch=229, alpha=0.5, L_G=0.165598638905, L_X=0.501688540793, l1_F=3.89360317306, l1_W=1.88245824289, total_loss=6.1097050058
NMI: 0.141109130731
epoch=230, alpha=0.5, L_G=0.16555580278, L_X=0.501110281809, l1_F=3.88756537248, l1_W=1.88560113295, total_loss=6.10649954773
NMI: 0.141109130731
epoch=231, alpha=0.5, L_G=0.165513045326, L_X=0.500533175684, l1_F=3.88166757523, l1_W=1.88872616814, total_loss=6.10341685388
NMI: 0.138436081657
epoch=232, alpha=0.5, L_G=0.165470011392, L_X=0.499957148566, l1_F=3.87594542624, l1_W=1.89183233588, total_loss=6.10049134209
NMI: 0.138436081657
epoch=233, alpha=0.5, L_G=0.165426036512, L_X=0.499381900508, l1_F=3.87047610488, l1_W=1.89493639441, total_loss=6.0978164678
NMI: 0.138436081657
epoch=234, alpha=0.5, L_G=0.165379637983, L_X=0.498807054264, l1_F=3.86546440555, l1_W=1.89803512016, total_loss=6.09559287183
NMI: 0.137960864083
epoch=235, alpha=0.5, L_G=0.165326334208, L_X=0.498230765849, l1_F=3.86189999759, l1_W=1.90108688692, total_loss=6.09476543454
NMI: 0.137960864083
epoch=236, alpha=0.5, L_G=0.16528696416, L_X=0.49765931732, l1_F=3.8566304774, l1_W=1.9041431609, total_loss=6.09224677904
NMI: 0.137960864083
epoch=237, alpha=0.5, L_G=0.165247098091, L_X=0.497086952603, l1_F=3.85241974122, l1_W=1.90717979051, total_loss=6.09076655708
NMI: 0.137960864083
epoch=238, alpha=0.5, L_G=0.165250943563, L_X=0.496530169663, l1_F=3.84123891937, l1_W=1.91019873321, total_loss=6.0823282092
NMI: 0.138436081657
epoch=239, alpha=0.5, L_G=0.16521082792, L_X=0.495962275656, l1_F=3.83623175179, l1_W=1.91320342327, total_loss=6.08002172685
NMI: 0.138436081657
epoch=240, alpha=0.5, L_G=0.165168380914, L_X=0.495395153338, l1_F=3.83153724678, l1_W=1.91618938766, total_loss=6.07800840157
NMI: 0.137960864083
epoch=241, alpha=0.5, L_G=0.165116276143, L_X=0.494825476916, l1_F=3.82874651831, l1_W=1.91916767019, total_loss=6.07788506503
NMI: 0.137960864083
epoch=242, alpha=0.5, L_G=0.165083667171, L_X=0.494262594234, l1_F=3.82328678585, l1_W=1.92212650675, total_loss=6.07508642331
NMI: 0.137960864083
epoch=243, alpha=0.5, L_G=0.165052083978, L_X=0.493700578431, l1_F=3.81804115116, l1_W=1.92506943908, total_loss=6.07248692145
NMI: 0.137960864083
epoch=244, alpha=0.5, L_G=0.165021059103, L_X=0.493140311067, l1_F=3.81263012692, l1_W=1.92799708871, total_loss=6.06970790072
NMI: 0.137960864083
epoch=245, alpha=0.5, L_G=0.16499179287, L_X=0.492581121193, l1_F=3.80728653472, l1_W=1.93091334397, total_loss=6.06698633573
NMI: 0.137960864083
epoch=246, alpha=0.5, L_G=0.164964633277, L_X=0.492024111781, l1_F=3.80158656229, l1_W=1.9338253081, total_loss=6.06390624292
NMI: 0.137960864083
epoch=247, alpha=0.5, L_G=0.164936644053, L_X=0.491467405307, l1_F=3.79632558429, l1_W=1.9367047309, total_loss=6.06123233987
NMI: 0.137960864083
epoch=248, alpha=0.5, L_G=0.164911551135, L_X=0.490912851489, l1_F=3.79078848395, l1_W=1.93956617205, total_loss=6.05826685731
NMI: 0.137960864083
epoch=249, alpha=0.5, L_G=0.164872978689, L_X=0.490354471868, l1_F=3.78768208081, l1_W=1.94242975021, total_loss=6.05772555631
NMI: 0.137960864083
epoch=250, alpha=0.5, L_G=0.164849542305, L_X=0.489803033905, l1_F=3.78175699486, l1_W=1.94526683487, total_loss=6.05435011783
NMI: 0.137960864083
epoch=251, alpha=0.5, L_G=0.16481986629, L_X=0.489249644202, l1_F=3.77756531905, l1_W=1.94810534185, total_loss=6.05270541615
NMI: 0.137960864083
epoch=252, alpha=0.5, L_G=0.165013193083, L_X=0.488703575341, l1_F=3.77015336477, l1_W=1.95090797492, total_loss=6.04791972391
NMI: 0.14031611226
epoch=253, alpha=0.5, L_G=0.164986253148, L_X=0.488154326667, l1_F=3.76516157566, l1_W=1.95370537609, total_loss=6.04543724166
NMI: 0.14031611226
epoch=254, alpha=0.5, L_G=0.164965284472, L_X=0.487608320124, l1_F=3.75920511481, l1_W=1.95649778095, total_loss=6.04198969806
NMI: 0.14031611226
epoch=255, alpha=0.5, L_G=0.164948667576, L_X=0.487063632375, l1_F=3.75320899274, l1_W=1.95925566593, total_loss=6.03847080864
NMI: 0.14031611226
epoch=256, alpha=0.5, L_G=0.164922461981, L_X=0.486517368092, l1_F=3.74878873843, l1_W=1.96200032623, total_loss=6.0365089797
NMI: 0.14031611226
epoch=257, alpha=0.5, L_G=0.164882088847, L_X=0.485967073128, l1_F=3.74688917644, l1_W=1.96474291238, total_loss=6.03705666981
NMI: 0.14031611226
epoch=258, alpha=0.5, L_G=0.164877433466, L_X=0.485427231728, l1_F=3.74056899258, l1_W=1.96748548448, total_loss=6.03320680965
NMI: 0.139995397617
epoch=259, alpha=0.5, L_G=0.164854336298, L_X=0.484887845628, l1_F=3.73441630234, l1_W=1.97018193788, total_loss=6.02946933118
NMI: 0.14031611226
epoch=260, alpha=0.5, L_G=0.164821403264, L_X=0.484344915501, l1_F=3.7307587733, l1_W=1.97288213034, total_loss=6.02822406303
NMI: 0.14031611226
epoch=261, alpha=0.5, L_G=0.164814132313, L_X=0.48380870953, l1_F=3.72435441347, l1_W=1.97556640817, total_loss=6.02423224257
NMI: 0.14031611226
epoch=262, alpha=0.5, L_G=0.164786284849, L_X=0.483268627533, l1_F=3.72067117866, l1_W=1.97823690143, total_loss=6.02293553629
NMI: 0.140462177104
epoch=263, alpha=0.5, L_G=0.164754167977, L_X=0.482728199027, l1_F=3.71768093707, l1_W=1.98088424829, total_loss=6.02230636886
NMI: 0.140462177104
epoch=264, alpha=0.5, L_G=0.16474599176, L_X=0.482195443869, l1_F=3.71157402269, l1_W=1.9835274109, total_loss=6.01857215141
NMI: 0.140462177104
epoch=265, alpha=0.5, L_G=0.164709371021, L_X=0.481655265054, l1_F=3.70968702462, l1_W=1.98617361695, total_loss=6.01904295961
NMI: 0.140462177104
epoch=266, alpha=0.5, L_G=0.164792272585, L_X=0.481132586241, l1_F=3.69973733261, l1_W=1.98877354925, total_loss=6.01147331127
NMI: 0.140108549347
epoch=267, alpha=0.5, L_G=0.164707870818, L_X=0.480593326885, l1_F=3.69898196187, l1_W=1.99138961453, total_loss=6.01302217525
NMI: 0.140108549347
epoch=268, alpha=0.5, L_G=0.164708262334, L_X=0.480064276056, l1_F=3.69338830838, l1_W=1.99396671766, total_loss=6.00974129523
NMI: 0.140108549347
epoch=269, alpha=0.5, L_G=0.164660805317, L_X=0.479531657814, l1_F=3.69028976056, l1_W=1.99655302744, total_loss=6.00893901957
NMI: 0.140108549347
epoch=270, alpha=0.5, L_G=0.164634526362, L_X=0.479001704282, l1_F=3.6864680029, l1_W=1.99911590538, total_loss=6.0074020236
NMI: 0.140141379455
epoch=271, alpha=0.5, L_G=0.164617795799, L_X=0.478475302682, l1_F=3.68139882384, l1_W=2.00167028094, total_loss=6.00461565402
NMI: 0.140141379455
epoch=272, alpha=0.5, L_G=0.164595622076, L_X=0.477948182251, l1_F=3.67734476296, l1_W=2.00421530578, total_loss=6.0028319709
NMI: 0.140462177104
epoch=273, alpha=0.5, L_G=0.164576393454, L_X=0.477422019597, l1_F=3.67343238863, l1_W=2.00674236661, total_loss=6.00117396176
NMI: 0.140462177104
epoch=274, alpha=0.5, L_G=0.164567710507, L_X=0.476898002289, l1_F=3.66924927694, l1_W=2.0092608673, total_loss=5.99924300064
NMI: 0.140141379455
epoch=275, alpha=0.5, L_G=0.164549921413, L_X=0.476375195745, l1_F=3.66491540554, l1_W=2.01174567616, total_loss=5.99712364028
NMI: 0.140141379455
epoch=276, alpha=0.5, L_G=0.16452115915, L_X=0.475850369711, l1_F=3.66218031472, l1_W=2.01425453319, total_loss=5.99662061234
NMI: 0.140462177104
epoch=277, alpha=0.5, L_G=0.164531712978, L_X=0.475334625093, l1_F=3.65540868296, l1_W=2.01672955379, total_loss=5.99207140579
NMI: 0.14355399519
epoch=278, alpha=0.5, L_G=0.164496760882, L_X=0.474810940805, l1_F=3.65351637288, l1_W=2.0191865417, total_loss=5.99235676542
NMI: 0.14355399519
epoch=279, alpha=0.5, L_G=0.164496424266, L_X=0.474294992439, l1_F=3.64810245164, l1_W=2.02164223823, total_loss=5.98914039823
NMI: 0.14355399519
epoch=280, alpha=0.5, L_G=0.164474016876, L_X=0.473775478517, l1_F=3.64528442947, l1_W=2.02409034639, total_loss=5.98849952356
NMI: 0.143235074458
